[2024-04-21 00:01:00] INFO root fetch - main [MainThread]: Get Changelog since Serial: [22859795]
[2024-04-21 00:01:05] INFO root fetch - main [MainThread]: Found 3 changed packages
[2024-04-21 00:01:05] INFO root fetch - processPackages [ThreadPoolExecutor-0_0]: Start processing: stockdex
[2024-04-21 00:01:05] INFO root fetch - processPackages [ThreadPoolExecutor-0_1]: Start processing: ck-apstra-api
[2024-04-21 00:01:05] INFO root fetch - processPackages [ThreadPoolExecutor-0_2]: Start processing: PythonTestLJC246
[2024-04-21 00:01:05] INFO root fetch - processPackages [ck-apstra-api]: New version: [0.2.9] Old Version: [0.2.8]
[2024-04-21 00:01:05] INFO root fetch - processPackages [stockdex]: New version: [0.3.9] Old Version: [0.3.8]
[2024-04-21 00:01:05] INFO root fetch - processPackages [ck-apstra-api]: Downloading https://files.pythonhosted.org/packages/7c/2a/abef9e7f6bfd8bbe702559b01d7558798b73d2254a4126a13c8afed7c02c/ck_apstra_api-0.2.8.tar.gz
[2024-04-21 00:01:05] INFO root fetch - processPackages [stockdex]: Downloading https://files.pythonhosted.org/packages/37/05/ab4e68366df13ec9a36235d4dadc66588992f1ba567dcf5f7f29b8eb1348/stockdex-0.3.8.tar.gz
[2024-04-21 00:01:05] WARNING root fetch - processPackages [PythonTestLJC246]: Skipping, unable to determine old version
[2024-04-21 00:01:05] INFO root fetch - main [MainThread]: End processing [PythonTestLJC246] error
[2024-04-21 00:01:05] INFO root fetch - processPackages [ck-apstra-api]: Downloading https://files.pythonhosted.org/packages/dc/40/ee507ae501e4a3b7aca59c4548c03f984a891162adc467495e853534a882/ck_apstra_api-0.2.9.tar.gz
[2024-04-21 00:01:05] INFO root fetch - processPackages [stockdex]: Downloading https://files.pythonhosted.org/packages/1d/4b/9ee626f45679c90979b1f21bfbe4b576b940580a865e0a0da19692b805d2/stockdex-0.3.9.tar.gz
[2024-04-21 00:01:05] INFO root fetch - processPackages [ck-apstra-api]: executing diffoscope
[2024-04-21 00:01:05] INFO root fetch - processPackages [ck-apstra-api]: podman run --user 0:0 --rm -w /home/abi/fetcher -v /home/abi/fetcher/tmp:/home/abi/fetcher/tmp:ro -v /home/abi/fetcher/20240421:/home/abi/fetcher/20240421:rw registry.salsa.debian.org/reproducible-builds/diffoscope --no-progress tmp/ck_apstra_api-0.2.8.tar.gz tmp/ck_apstra_api-0.2.9.tar.gz --markdown 20240421/c/ck-apstra-api/0.2.8-0.2.9/README.md --exclude *.pyd
[2024-04-21 00:01:06] INFO root fetch - processPackages [ck-apstra-api]: Remove: archive file [/home/abi/fetcher/tmp/ck_apstra_api-0.2.8.tar.gz]
[2024-04-21 00:01:06] INFO root fetch - processPackages [ck-apstra-api]: Remove: archive file [/home/abi/fetcher/tmp/ck_apstra_api-0.2.9.tar.gz]
[2024-04-21 00:01:06] INFO root fetch - main [MainThread]: End processing [ck-apstra-api]: success
[2024-04-21 00:01:07] INFO root fetch - processPackages [stockdex]: executing diffoscope
[2024-04-21 00:01:07] INFO root fetch - processPackages [stockdex]: podman run --user 0:0 --rm -w /home/abi/fetcher -v /home/abi/fetcher/tmp:/home/abi/fetcher/tmp:ro -v /home/abi/fetcher/20240421:/home/abi/fetcher/20240421:rw registry.salsa.debian.org/reproducible-builds/diffoscope --no-progress tmp/stockdex-0.3.8.tar.gz tmp/stockdex-0.3.9.tar.gz --markdown 20240421/s/stockdex/0.3.8-0.3.9/README.md --exclude *.pyd
[2024-04-21 00:01:08] INFO root fetch - processPackages [stockdex]: Remove: archive file [/home/abi/fetcher/tmp/stockdex-0.3.8.tar.gz]
[2024-04-21 00:01:08] INFO root fetch - processPackages [stockdex]: Remove: archive file [/home/abi/fetcher/tmp/stockdex-0.3.9.tar.gz]
[2024-04-21 00:01:08] INFO root fetch - main [MainThread]: End processing [stockdex]: success
[2024-04-21 00:01:08] INFO root fetch - main [MainThread]: Store serial: [22859806]
[2024-04-21 00:03:13] INFO root fetch - main [MainThread]: Get Changelog since Serial: [22859806]
[2024-04-21 00:03:18] INFO root fetch - main [MainThread]: Found 2 changed packages
[2024-04-21 00:03:18] INFO root fetch - processPackages [ThreadPoolExecutor-0_0]: Start processing: vertebrate
[2024-04-21 00:03:18] INFO root fetch - processPackages [ThreadPoolExecutor-0_1]: Start processing: dolibarrpy
[2024-04-21 00:03:18] INFO root fetch - processPackages [dolibarrpy]: New version: [0.2.9] Old Version: [0.2.8]
[2024-04-21 00:03:18] INFO root fetch - processPackages [dolibarrpy]: Downloading https://files.pythonhosted.org/packages/b3/dd/58341630c2d0ca3619ba2471e1eebe3619fff2104f19c117084fa41a88df/dolibarrpy-0.2.8.tar.gz
[2024-04-21 00:03:18] WARNING root fetch - processPackages [vertebrate]: Skipping, unable to determine old version
[2024-04-21 00:03:18] INFO root fetch - main [MainThread]: End processing [vertebrate] error
[2024-04-21 00:03:18] INFO root fetch - processPackages [dolibarrpy]: Downloading https://files.pythonhosted.org/packages/a7/d7/86f0a44e5a2e915a9d52176c7f20f6cb547aa15d0c679ced86a24be29daf/dolibarrpy-0.2.9.tar.gz
[2024-04-21 00:03:18] INFO root fetch - processPackages [dolibarrpy]: executing diffoscope
[2024-04-21 00:03:18] INFO root fetch - processPackages [dolibarrpy]: podman run --user 0:0 --rm -w /home/abi/fetcher -v /home/abi/fetcher/tmp:/home/abi/fetcher/tmp:ro -v /home/abi/fetcher/20240421:/home/abi/fetcher/20240421:rw registry.salsa.debian.org/reproducible-builds/diffoscope --no-progress tmp/dolibarrpy-0.2.8.tar.gz tmp/dolibarrpy-0.2.9.tar.gz --markdown 20240421/d/dolibarrpy/0.2.8-0.2.9/README.md --exclude *.pyd
[2024-04-21 00:03:19] INFO root fetch - processPackages [dolibarrpy]: Remove: archive file [/home/abi/fetcher/tmp/dolibarrpy-0.2.8.tar.gz]
[2024-04-21 00:03:19] INFO root fetch - processPackages [dolibarrpy]: Remove: archive file [/home/abi/fetcher/tmp/dolibarrpy-0.2.9.tar.gz]
[2024-04-21 00:03:19] INFO root fetch - main [MainThread]: End processing [dolibarrpy]: success
[2024-04-21 00:03:19] INFO root fetch - main [MainThread]: Store serial: [22859813]
[2024-04-21 00:05:23] INFO root fetch - main [MainThread]: Get Changelog since Serial: [22859813]
[2024-04-21 00:05:28] INFO root fetch - main [MainThread]: Found 2 changed packages
[2024-04-21 00:05:28] INFO root fetch - processPackages [ThreadPoolExecutor-0_0]: Start processing: ck-apstra-api
[2024-04-21 00:05:28] INFO root fetch - processPackages [ThreadPoolExecutor-0_1]: Start processing: pub-worm
[2024-04-21 00:05:28] INFO root fetch - processPackages [ck-apstra-api]: New version: [0.2.9] Old Version: [0.2.8]
[2024-04-21 00:05:28] INFO root fetch - processPackages [ck-apstra-api]: Downloading https://files.pythonhosted.org/packages/7c/2a/abef9e7f6bfd8bbe702559b01d7558798b73d2254a4126a13c8afed7c02c/ck_apstra_api-0.2.8.tar.gz
[2024-04-21 00:05:28] INFO root fetch - processPackages [pub-worm]: New version: [0.2.6] Old Version: [0.2.5]
[2024-04-21 00:05:28] INFO root fetch - processPackages [ck-apstra-api]: Downloading https://files.pythonhosted.org/packages/dc/40/ee507ae501e4a3b7aca59c4548c03f984a891162adc467495e853534a882/ck_apstra_api-0.2.9.tar.gz
[2024-04-21 00:05:28] INFO root fetch - processPackages [pub-worm]: Downloading https://files.pythonhosted.org/packages/43/11/631571482818adc400afa644ca4fb69ab1c3380d266d34f0112877514a49/pub_worm-0.2.5.tar.gz
[2024-04-21 00:05:29] INFO root fetch - processPackages [ck-apstra-api]: executing diffoscope
[2024-04-21 00:05:29] INFO root fetch - processPackages [ck-apstra-api]: podman run --user 0:0 --rm -w /home/abi/fetcher -v /home/abi/fetcher/tmp:/home/abi/fetcher/tmp:ro -v /home/abi/fetcher/20240421:/home/abi/fetcher/20240421:rw registry.salsa.debian.org/reproducible-builds/diffoscope --no-progress tmp/ck_apstra_api-0.2.8.tar.gz tmp/ck_apstra_api-0.2.9.tar.gz --markdown 20240421/c/ck-apstra-api/0.2.8-0.2.9/README.md --exclude *.pyd
[2024-04-21 00:05:29] INFO root fetch - processPackages [pub-worm]: Downloading https://files.pythonhosted.org/packages/7d/07/f0b969d2ecfe9daa5682c4565ed168d28aa1e45dff044a102bdb549c2cba/pub_worm-0.2.6.tar.gz
[2024-04-21 00:05:29] INFO root fetch - processPackages [pub-worm]: executing diffoscope
[2024-04-21 00:05:29] INFO root fetch - processPackages [pub-worm]: podman run --user 0:0 --rm -w /home/abi/fetcher -v /home/abi/fetcher/tmp:/home/abi/fetcher/tmp:ro -v /home/abi/fetcher/20240421:/home/abi/fetcher/20240421:rw registry.salsa.debian.org/reproducible-builds/diffoscope --no-progress tmp/pub_worm-0.2.5.tar.gz tmp/pub_worm-0.2.6.tar.gz --markdown 20240421/p/pub-worm/0.2.5-0.2.6/README.md --exclude *.pyd
[2024-04-21 00:05:29] INFO root fetch - processPackages [ck-apstra-api]: Remove: archive file [/home/abi/fetcher/tmp/ck_apstra_api-0.2.8.tar.gz]
[2024-04-21 00:05:29] INFO root fetch - processPackages [ck-apstra-api]: Remove: archive file [/home/abi/fetcher/tmp/ck_apstra_api-0.2.9.tar.gz]
[2024-04-21 00:05:29] INFO root fetch - main [MainThread]: End processing [ck-apstra-api]: success
[2024-04-21 00:05:30] INFO root fetch - processPackages [pub-worm]: Remove: archive file [/home/abi/fetcher/tmp/pub_worm-0.2.5.tar.gz]
[2024-04-21 00:05:30] INFO root fetch - processPackages [pub-worm]: Remove: archive file [/home/abi/fetcher/tmp/pub_worm-0.2.6.tar.gz]
[2024-04-21 00:05:30] INFO root fetch - main [MainThread]: End processing [pub-worm]: success
[2024-04-21 00:05:30] INFO root fetch - main [MainThread]: Store serial: [22859818]
[2024-04-21 00:07:33] INFO root fetch - main [MainThread]: Get Changelog since Serial: [22859818]
[2024-04-21 00:07:38] INFO root fetch - main [MainThread]: Found 3 changed packages
[2024-04-21 00:07:38] INFO root fetch - processPackages [ThreadPoolExecutor-0_0]: Start processing: fastapitool
[2024-04-21 00:07:38] INFO root fetch - processPackages [ThreadPoolExecutor-0_1]: Start processing: paper2vec
[2024-04-21 00:07:38] INFO root fetch - processPackages [ThreadPoolExecutor-0_2]: Start processing: gpt-sovits-python
[2024-04-21 00:07:38] INFO root fetch - processPackages [paper2vec]: New version: [0.3] Old Version: [0.2]
[2024-04-21 00:07:38] INFO root fetch - processPackages [paper2vec]: Downloading https://files.pythonhosted.org/packages/55/b4/b4e5fdb910649e4d2cc8d8196f733faf991fe08568c2ae540932fdee53c0/paper2vec-0.2.tar.gz
[2024-04-21 00:07:38] WARNING root fetch - processPackages [fastapitool]: Skipping, unable to determine old version
[2024-04-21 00:07:38] INFO root fetch - main [MainThread]: End processing [fastapitool] error
[2024-04-21 00:07:38] WARNING root fetch - processPackages [gpt-sovits-python]: Skipping, unable to determine old version
[2024-04-21 00:07:38] INFO root fetch - main [MainThread]: End processing [gpt-sovits-python] error
[2024-04-21 00:07:38] INFO root fetch - processPackages [paper2vec]: Downloading https://files.pythonhosted.org/packages/75/d4/db83472b63049d94df4dda51b9a6ab809e2bb23c44dc55db67f7168d3048/paper2vec-0.3.tar.gz
[2024-04-21 00:07:39] INFO root fetch - processPackages [paper2vec]: executing diffoscope
[2024-04-21 00:07:39] INFO root fetch - processPackages [paper2vec]: podman run --user 0:0 --rm -w /home/abi/fetcher -v /home/abi/fetcher/tmp:/home/abi/fetcher/tmp:ro -v /home/abi/fetcher/20240421:/home/abi/fetcher/20240421:rw registry.salsa.debian.org/reproducible-builds/diffoscope --no-progress tmp/paper2vec-0.2.tar.gz tmp/paper2vec-0.3.tar.gz --markdown 20240421/p/paper2vec/0.2-0.3/README.md --exclude *.pyd
[2024-04-21 00:07:39] INFO root fetch - processPackages [paper2vec]: Remove: archive file [/home/abi/fetcher/tmp/paper2vec-0.2.tar.gz]
[2024-04-21 00:07:39] INFO root fetch - processPackages [paper2vec]: Remove: archive file [/home/abi/fetcher/tmp/paper2vec-0.3.tar.gz]
[2024-04-21 00:07:39] INFO root fetch - main [MainThread]: End processing [paper2vec]: success
[2024-04-21 00:07:39] INFO root fetch - main [MainThread]: Store serial: [22859831]
[2024-04-21 00:09:44] INFO root fetch - main [MainThread]: Get Changelog since Serial: [22859831]
[2024-04-21 00:09:49] INFO root fetch - main [MainThread]: Found 2 changed packages
[2024-04-21 00:09:49] INFO root fetch - processPackages [ThreadPoolExecutor-0_0]: Start processing: token-trace
[2024-04-21 00:09:49] INFO root fetch - processPackages [ThreadPoolExecutor-0_1]: Start processing: mocker-db
[2024-04-21 00:09:49] INFO root fetch - processPackages [mocker-db]: New version: [0.1.1] Old Version: [0.0.9]
[2024-04-21 00:09:49] INFO root fetch - processPackages [token-trace]: New version: [0.2.1] Old Version: [0.1.0]
[2024-04-21 00:09:49] INFO root fetch - processPackages [token-trace]: Downloading https://files.pythonhosted.org/packages/cc/c6/174bd5dd5ddb245b81374d175ea44494cde3916be8fabf7863579e035d65/token_trace-0.1.0.tar.gz
[2024-04-21 00:09:49] INFO root fetch - processPackages [mocker-db]: Downloading https://files.pythonhosted.org/packages/96/81/add75b28ef0af016b2d26d84a95ef7067713780c998b6b0820eb3f402b03/mocker_db-0.0.9.tar.gz
[2024-04-21 00:09:50] INFO root fetch - processPackages [token-trace]: Downloading https://files.pythonhosted.org/packages/50/48/423d372545aa3d4efc9639dcfcddf653ba5175dcaff5e705ec5fee6d8e8d/token_trace-0.2.1.tar.gz
[2024-04-21 00:09:50] INFO root fetch - processPackages [token-trace]: executing diffoscope
[2024-04-21 00:09:50] INFO root fetch - processPackages [token-trace]: podman run --user 0:0 --rm -w /home/abi/fetcher -v /home/abi/fetcher/tmp:/home/abi/fetcher/tmp:ro -v /home/abi/fetcher/20240421:/home/abi/fetcher/20240421:rw registry.salsa.debian.org/reproducible-builds/diffoscope --no-progress tmp/token_trace-0.1.0.tar.gz tmp/token_trace-0.2.1.tar.gz --markdown 20240421/t/token-trace/0.1.0-0.2.1/README.md --exclude *.pyd
[2024-04-21 00:09:50] INFO root fetch - processPackages [mocker-db]: Downloading https://files.pythonhosted.org/packages/4c/64/fd853d5bc68f907da764366ba81f0c619499fa23f297e26b57792eacf66b/mocker_db-0.1.1.tar.gz
[2024-04-21 00:09:50] INFO root fetch - processPackages [mocker-db]: executing diffoscope
[2024-04-21 00:09:50] INFO root fetch - processPackages [mocker-db]: podman run --user 0:0 --rm -w /home/abi/fetcher -v /home/abi/fetcher/tmp:/home/abi/fetcher/tmp:ro -v /home/abi/fetcher/20240421:/home/abi/fetcher/20240421:rw registry.salsa.debian.org/reproducible-builds/diffoscope --no-progress tmp/mocker_db-0.0.9.tar.gz tmp/mocker_db-0.1.1.tar.gz --markdown 20240421/m/mocker-db/0.0.9-0.1.1/README.md --exclude *.pyd
[2024-04-21 00:09:50] INFO root fetch - processPackages [token-trace]: Remove: archive file [/home/abi/fetcher/tmp/token_trace-0.1.0.tar.gz]
[2024-04-21 00:09:50] INFO root fetch - processPackages [token-trace]: Remove: archive file [/home/abi/fetcher/tmp/token_trace-0.2.1.tar.gz]
[2024-04-21 00:09:50] INFO root fetch - main [MainThread]: End processing [token-trace]: success
[2024-04-21 00:09:50] INFO root fetch - processPackages [mocker-db]: Remove: archive file [/home/abi/fetcher/tmp/mocker_db-0.0.9.tar.gz]
[2024-04-21 00:09:50] INFO root fetch - processPackages [mocker-db]: Remove: archive file [/home/abi/fetcher/tmp/mocker_db-0.1.1.tar.gz]
[2024-04-21 00:09:50] INFO root fetch - main [MainThread]: End processing [mocker-db]: success
[2024-04-21 00:09:50] INFO root fetch - main [MainThread]: Store serial: [22859847]
[2024-04-21 00:11:54] INFO root fetch - main [MainThread]: Get Changelog since Serial: [22859847]
[2024-04-21 00:11:59] INFO root fetch - main [MainThread]: Found 2 changed packages
[2024-04-21 00:11:59] INFO root fetch - processPackages [ThreadPoolExecutor-0_0]: Start processing: PythonTestLJC247
[2024-04-21 00:11:59] INFO root fetch - processPackages [ThreadPoolExecutor-0_1]: Start processing: jsmfsb
[2024-04-21 00:11:59] WARNING root fetch - processPackages [PythonTestLJC247]: Skipping, unable to determine old version
[2024-04-21 00:11:59] INFO root fetch - main [MainThread]: End processing [PythonTestLJC247] error
[2024-04-21 00:11:59] INFO root fetch - processPackages [jsmfsb]: New version: [0.0.4] Old Version: [0.0.3]
[2024-04-21 00:11:59] INFO root fetch - processPackages [jsmfsb]: Downloading https://files.pythonhosted.org/packages/bb/3b/d85564a61fa88bbaa39bbf832a2d5d2fb6c30b1a9495963793aed1853c9f/jsmfsb-0.0.3.tar.gz
[2024-04-21 00:11:59] INFO root fetch - processPackages [jsmfsb]: Downloading https://files.pythonhosted.org/packages/7e/0b/c8a88d69a89581f857686e8a113bdeec3084fe3d174a4948426c6e8527f7/jsmfsb-0.0.4.tar.gz
[2024-04-21 00:11:59] INFO root fetch - processPackages [jsmfsb]: executing diffoscope
[2024-04-21 00:11:59] INFO root fetch - processPackages [jsmfsb]: podman run --user 0:0 --rm -w /home/abi/fetcher -v /home/abi/fetcher/tmp:/home/abi/fetcher/tmp:ro -v /home/abi/fetcher/20240421:/home/abi/fetcher/20240421:rw registry.salsa.debian.org/reproducible-builds/diffoscope --no-progress tmp/jsmfsb-0.0.3.tar.gz tmp/jsmfsb-0.0.4.tar.gz --markdown 20240421/j/jsmfsb/0.0.3-0.0.4/README.md --exclude *.pyd
[2024-04-21 00:12:00] INFO root fetch - processPackages [jsmfsb]: Remove: archive file [/home/abi/fetcher/tmp/jsmfsb-0.0.3.tar.gz]
[2024-04-21 00:12:00] INFO root fetch - processPackages [jsmfsb]: Remove: archive file [/home/abi/fetcher/tmp/jsmfsb-0.0.4.tar.gz]
[2024-04-21 00:12:00] INFO root fetch - main [MainThread]: End processing [jsmfsb]: success
[2024-04-21 00:12:00] INFO root fetch - main [MainThread]: Store serial: [22859855]
[2024-04-21 00:14:04] INFO root fetch - main [MainThread]: Get Changelog since Serial: [22859855]
[2024-04-21 00:14:09] INFO root fetch - main [MainThread]: Found 7 changed packages
[2024-04-21 00:14:09] INFO root fetch - processPackages [ThreadPoolExecutor-0_0]: Start processing: vaso
[2024-04-21 00:14:09] INFO root fetch - processPackages [ThreadPoolExecutor-0_1]: Start processing: unisi
[2024-04-21 00:14:09] INFO root fetch - processPackages [ThreadPoolExecutor-0_2]: Start processing: task-track
[2024-04-21 00:14:09] INFO root fetch - processPackages [ThreadPoolExecutor-0_3]: Start processing: mlimputer
[2024-04-21 00:14:09] INFO root fetch - processPackages [ThreadPoolExecutor-0_4]: Start processing: cutseq
[2024-04-21 00:14:09] INFO root fetch - processPackages [ThreadPoolExecutor-0_5]: Start processing: annx23241535-pkg-annjojo
[2024-04-21 00:14:09] INFO root fetch - processPackages [ThreadPoolExecutor-0_6]: Start processing: hima-discount
[2024-04-21 00:14:09] INFO root fetch - processPackages [cutseq]: New version: [0.0.2] Old Version: [0.0.1]
[2024-04-21 00:14:09] INFO root fetch - processPackages [mlimputer]: New version: [1.0.60] Old Version: [1.0.6]
[2024-04-21 00:14:09] WARNING root fetch - processPackages [task-track]: Skipping, unable to determine old version
[2024-04-21 00:14:09] INFO root fetch - main [MainThread]: End processing [task-track] error
[2024-04-21 00:14:09] INFO root fetch - processPackages [unisi]: New version: [0.1.9] Old Version: [0.1.8]
[2024-04-21 00:14:09] WARNING root fetch - processPackages [annx23241535-pkg-annjojo]: Skipping, unable to determine old version
[2024-04-21 00:14:09] INFO root fetch - main [MainThread]: End processing [annx23241535-pkg-annjojo] error
[2024-04-21 00:14:09] WARNING root fetch - processPackages [hima-discount]: Skipping, unable to determine old version
[2024-04-21 00:14:09] INFO root fetch - main [MainThread]: End processing [hima-discount] error
[2024-04-21 00:14:09] WARNING root fetch - processPackages [vaso]: Skipping, unable to determine old version
[2024-04-21 00:14:09] INFO root fetch - main [MainThread]: End processing [vaso] error
[2024-04-21 00:14:09] INFO root fetch - processPackages [cutseq]: Downloading https://files.pythonhosted.org/packages/46/d2/74dc10657df860d89c608c7de2f2efc6a166b5cafca4f104227381cf01b2/cutseq-0.0.1.tar.gz
[2024-04-21 00:14:09] INFO root fetch - processPackages [mlimputer]: Downloading https://files.pythonhosted.org/packages/20/f7/cf3cf2391a2d3f55d31a62dbb9c876ad0a9e05c5cc57f8426ab7b071aade/mlimputer-1.0.6-py3-none-any.whl
[2024-04-21 00:14:09] INFO root fetch - processPackages [unisi]: Downloading https://files.pythonhosted.org/packages/b7/34/3bcc10eb3b4d35dc0a4cb26468f6dfe83017bf8c79f5f13ad19a640b0ce2/unisi-0.1.8-py3-none-any.whl
[2024-04-21 00:14:09] INFO root fetch - processPackages [cutseq]: Downloading https://files.pythonhosted.org/packages/8e/0c/8978de43d5a41ea2ac075dfb0d0fc0e9d43818429743e756d7137b15456f/cutseq-0.0.2.tar.gz
[2024-04-21 00:14:09] INFO root fetch - processPackages [cutseq]: executing diffoscope
[2024-04-21 00:14:09] INFO root fetch - processPackages [cutseq]: podman run --user 0:0 --rm -w /home/abi/fetcher -v /home/abi/fetcher/tmp:/home/abi/fetcher/tmp:ro -v /home/abi/fetcher/20240421:/home/abi/fetcher/20240421:rw registry.salsa.debian.org/reproducible-builds/diffoscope --no-progress tmp/cutseq-0.0.1.tar.gz tmp/cutseq-0.0.2.tar.gz --markdown 20240421/c/cutseq/0.0.1-0.0.2/README.md --exclude *.pyd
[2024-04-21 00:14:09] INFO root fetch - processPackages [mlimputer]: Downloading https://files.pythonhosted.org/packages/ae/2f/e0a35edb856665852cb98ad9cdd4da6a56cc5eccdad91e0d6a34ae986010/mlimputer-1.0.60-py3-none-any.whl
[2024-04-21 00:14:10] INFO root fetch - processPackages [mlimputer]: executing diffoscope
[2024-04-21 00:14:10] INFO root fetch - processPackages [mlimputer]: podman run --user 0:0 --rm -w /home/abi/fetcher -v /home/abi/fetcher/tmp:/home/abi/fetcher/tmp:ro -v /home/abi/fetcher/20240421:/home/abi/fetcher/20240421:rw registry.salsa.debian.org/reproducible-builds/diffoscope --no-progress tmp/mlimputer-1.0.6-py3-none-any.whl.zip tmp/mlimputer-1.0.60-py3-none-any.whl.zip --markdown 20240421/m/mlimputer/1.0.6-1.0.60/README.md --exclude *.pyd
[2024-04-21 00:14:10] INFO root fetch - processPackages [unisi]: Downloading https://files.pythonhosted.org/packages/ec/ec/077ffe90d809b257bb0212a5828ec904bd555e699aa2b71e7d3c9700cadd/unisi-0.1.9-py3-none-any.whl
[2024-04-21 00:14:10] INFO root fetch - processPackages [cutseq]: Remove: archive file [/home/abi/fetcher/tmp/cutseq-0.0.1.tar.gz]
[2024-04-21 00:14:10] INFO root fetch - processPackages [cutseq]: Remove: archive file [/home/abi/fetcher/tmp/cutseq-0.0.2.tar.gz]
[2024-04-21 00:14:10] INFO root fetch - main [MainThread]: End processing [cutseq]: success
[2024-04-21 00:14:10] INFO root fetch - processPackages [unisi]: executing diffoscope
[2024-04-21 00:14:10] INFO root fetch - processPackages [unisi]: podman run --user 0:0 --rm -w /home/abi/fetcher -v /home/abi/fetcher/tmp:/home/abi/fetcher/tmp:ro -v /home/abi/fetcher/20240421:/home/abi/fetcher/20240421:rw registry.salsa.debian.org/reproducible-builds/diffoscope --no-progress tmp/unisi-0.1.8-py3-none-any.whl.zip tmp/unisi-0.1.9-py3-none-any.whl.zip --markdown 20240421/u/unisi/0.1.8-0.1.9/README.md --exclude *.pyd
[2024-04-21 00:14:10] INFO root fetch - processPackages [mlimputer]: Remove: archive file [/home/abi/fetcher/tmp/mlimputer-1.0.6-py3-none-any.whl.zip]
[2024-04-21 00:14:10] INFO root fetch - processPackages [mlimputer]: Remove: archive file [/home/abi/fetcher/tmp/mlimputer-1.0.60-py3-none-any.whl.zip]
[2024-04-21 00:14:10] INFO root fetch - main [MainThread]: End processing [mlimputer]: success
[2024-04-21 00:14:12] INFO root fetch - processPackages [unisi]: Remove: archive file [/home/abi/fetcher/tmp/unisi-0.1.8-py3-none-any.whl.zip]
[2024-04-21 00:14:12] INFO root fetch - processPackages [unisi]: Remove: archive file [/home/abi/fetcher/tmp/unisi-0.1.9-py3-none-any.whl.zip]
[2024-04-21 00:14:12] INFO root fetch - main [MainThread]: End processing [unisi]: success
[2024-04-21 00:14:12] INFO root fetch - main [MainThread]: Store serial: [22859886]
[2024-04-21 00:16:16] INFO root fetch - main [MainThread]: Get Changelog since Serial: [22859886]
[2024-04-21 00:16:21] INFO root fetch - main [MainThread]: Found 2 changed packages
[2024-04-21 00:16:21] INFO root fetch - processPackages [ThreadPoolExecutor-0_0]: Start processing: PythonTestLJC251
[2024-04-21 00:16:21] INFO root fetch - processPackages [ThreadPoolExecutor-0_1]: Start processing: ryutils
[2024-04-21 00:16:21] INFO root fetch - processPackages [ryutils]: New version: [4.0.4] Old Version: [4.0.3]
[2024-04-21 00:16:21] INFO root fetch - processPackages [ryutils]: Downloading https://files.pythonhosted.org/packages/01/91/023cde5b41414346b22ba7ad4cf85a8de2830c873d060b816bd4bbd6c23b/ryutils-4.0.3.tar.gz
[2024-04-21 00:16:21] WARNING root fetch - processPackages [PythonTestLJC251]: Skipping, unable to determine old version
[2024-04-21 00:16:21] INFO root fetch - main [MainThread]: End processing [PythonTestLJC251] error
[2024-04-21 00:16:22] INFO root fetch - processPackages [ryutils]: Downloading https://files.pythonhosted.org/packages/83/e3/1bcd8b1392d2501e863c6ce7eb23f8c269cd4d38dfd5cd5d954482541db8/ryutils-4.0.4.tar.gz
[2024-04-21 00:16:22] INFO root fetch - processPackages [ryutils]: executing diffoscope
[2024-04-21 00:16:22] INFO root fetch - processPackages [ryutils]: podman run --user 0:0 --rm -w /home/abi/fetcher -v /home/abi/fetcher/tmp:/home/abi/fetcher/tmp:ro -v /home/abi/fetcher/20240421:/home/abi/fetcher/20240421:rw registry.salsa.debian.org/reproducible-builds/diffoscope --no-progress tmp/ryutils-4.0.3.tar.gz tmp/ryutils-4.0.4.tar.gz --markdown 20240421/r/ryutils/4.0.3-4.0.4/README.md --exclude *.pyd
[2024-04-21 00:16:22] INFO root fetch - processPackages [ryutils]: Remove: archive file [/home/abi/fetcher/tmp/ryutils-4.0.3.tar.gz]
[2024-04-21 00:16:22] INFO root fetch - processPackages [ryutils]: Remove: archive file [/home/abi/fetcher/tmp/ryutils-4.0.4.tar.gz]
[2024-04-21 00:16:22] INFO root fetch - main [MainThread]: End processing [ryutils]: success
[2024-04-21 00:16:22] INFO root fetch - main [MainThread]: Store serial: [22859896]
[2024-04-21 00:18:27] INFO root fetch - main [MainThread]: Get Changelog since Serial: [22859896]
[2024-04-21 00:18:32] INFO root fetch - main [MainThread]: Found 2 changed packages
[2024-04-21 00:18:32] INFO root fetch - processPackages [ThreadPoolExecutor-0_0]: Start processing: PythonTestLJC252
[2024-04-21 00:18:32] INFO root fetch - processPackages [ThreadPoolExecutor-0_1]: Start processing: FlutterFinder
[2024-04-21 00:18:32] WARNING root fetch - processPackages [FlutterFinder]: Skipping, unable to determine old version
[2024-04-21 00:18:32] INFO root fetch - main [MainThread]: End processing [FlutterFinder] error
[2024-04-21 00:18:32] WARNING root fetch - processPackages [PythonTestLJC252]: Skipping, unable to determine old version
[2024-04-21 00:18:32] INFO root fetch - main [MainThread]: End processing [PythonTestLJC252] error
[2024-04-21 00:18:32] INFO root fetch - main [MainThread]: Store serial: [22859905]
[2024-04-21 00:20:35] INFO root fetch - main [MainThread]: Get Changelog since Serial: [22859905]
[2024-04-21 00:20:40] INFO root fetch - main [MainThread]: Found 5 changed packages
[2024-04-21 00:20:40] INFO root fetch - processPackages [ThreadPoolExecutor-0_0]: Start processing: mlimputer
[2024-04-21 00:20:40] INFO root fetch - processPackages [ThreadPoolExecutor-0_1]: Start processing: term-image
[2024-04-21 00:20:40] INFO root fetch - processPackages [ThreadPoolExecutor-0_2]: Start processing: pymarine
[2024-04-21 00:20:40] INFO root fetch - processPackages [ThreadPoolExecutor-0_3]: Start processing: PythonTestLJC253
[2024-04-21 00:20:40] INFO root fetch - processPackages [ThreadPoolExecutor-0_4]: Start processing: MedRoom.AI.DataEngineer
[2024-04-21 00:20:40] INFO root fetch - processPackages [pymarine]: New version: [0.1.4] Old Version: [0.1.3]
[2024-04-21 00:20:40] INFO root fetch - processPackages [mlimputer]: New version: [1.0.60] Old Version: [1.0.6]
[2024-04-21 00:20:40] INFO root fetch - processPackages [pymarine]: Downloading https://files.pythonhosted.org/packages/a3/27/7ddcd8979d33719a974531bd4758be27442f2b57221d312966809c79546b/pymarine-0.1.3.tar.gz
[2024-04-21 00:20:40] WARNING root fetch - processPackages [PythonTestLJC253]: Skipping, unable to determine old version
[2024-04-21 00:20:40] INFO root fetch - main [MainThread]: End processing [PythonTestLJC253] error
[2024-04-21 00:20:40] INFO root fetch - processPackages [mlimputer]: Downloading https://files.pythonhosted.org/packages/20/f7/cf3cf2391a2d3f55d31a62dbb9c876ad0a9e05c5cc57f8426ab7b071aade/mlimputer-1.0.6-py3-none-any.whl
[2024-04-21 00:20:40] INFO root fetch - processPackages [term-image]: New version: [0.7.1] Old Version: [0.7.0]
[2024-04-21 00:20:40] INFO root fetch - processPackages [MedRoom.AI.DataEngineer]: New version: [0.0.5] Old Version: [0.0.4]
[2024-04-21 00:20:40] WARNING root fetch - processPackages [pymarine]: Skipping package: exceeds size limit 14570751>=10485760
[2024-04-21 00:20:40] INFO root fetch - main [MainThread]: End processing [pymarine] error
[2024-04-21 00:20:41] INFO root fetch - processPackages [term-image]: Downloading https://files.pythonhosted.org/packages/f2/59/019a0ca982be3e6d686b9c58a72ae26333b69f8a312ea6edcbefef57279b/term-image-0.7.0.tar.gz
[2024-04-21 00:20:41] INFO root fetch - processPackages [mlimputer]: Downloading https://files.pythonhosted.org/packages/ae/2f/e0a35edb856665852cb98ad9cdd4da6a56cc5eccdad91e0d6a34ae986010/mlimputer-1.0.60-py3-none-any.whl
[2024-04-21 00:20:41] INFO root fetch - processPackages [MedRoom.AI.DataEngineer]: Downloading https://files.pythonhosted.org/packages/98/b1/597765f45f1fb19d142f8135d32404f04c7a763ce01fab39b5467d5f874b/medroom_ai_dataengineer-0.0.4.tar.gz
[2024-04-21 00:20:41] INFO root fetch - processPackages [mlimputer]: executing diffoscope
[2024-04-21 00:20:41] INFO root fetch - processPackages [mlimputer]: podman run --user 0:0 --rm -w /home/abi/fetcher -v /home/abi/fetcher/tmp:/home/abi/fetcher/tmp:ro -v /home/abi/fetcher/20240421:/home/abi/fetcher/20240421:rw registry.salsa.debian.org/reproducible-builds/diffoscope --no-progress tmp/mlimputer-1.0.6-py3-none-any.whl.zip tmp/mlimputer-1.0.60-py3-none-any.whl.zip --markdown 20240421/m/mlimputer/1.0.6-1.0.60/README.md --exclude *.pyd
[2024-04-21 00:20:41] INFO root fetch - processPackages [term-image]: Downloading https://files.pythonhosted.org/packages/8b/43/4995d07fd3e4262d9a8acc9013cda5c6b339a55892f56b027c8ac1ba1351/term-image-0.7.1.tar.gz
[2024-04-21 00:20:41] INFO root fetch - processPackages [MedRoom.AI.DataEngineer]: Downloading https://files.pythonhosted.org/packages/99/b5/60d9f5c98ba9c6020319173614fc022ed37d50df817a62050695e1f7a386/MedRoom.AI.DataEngineer-0.0.5-py3-none-any.whl
[2024-04-21 00:20:41] INFO root fetch - processPackages [term-image]: executing diffoscope
[2024-04-21 00:20:41] INFO root fetch - processPackages [term-image]: podman run --user 0:0 --rm -w /home/abi/fetcher -v /home/abi/fetcher/tmp:/home/abi/fetcher/tmp:ro -v /home/abi/fetcher/20240421:/home/abi/fetcher/20240421:rw registry.salsa.debian.org/reproducible-builds/diffoscope --no-progress tmp/term-image-0.7.0.tar.gz tmp/term-image-0.7.1.tar.gz --markdown 20240421/t/term-image/0.7.0-0.7.1/README.md --exclude *.pyd
[2024-04-21 00:20:41] INFO root fetch - processPackages [mlimputer]: Remove: archive file [/home/abi/fetcher/tmp/mlimputer-1.0.6-py3-none-any.whl.zip]
[2024-04-21 00:20:41] INFO root fetch - processPackages [mlimputer]: Remove: archive file [/home/abi/fetcher/tmp/mlimputer-1.0.60-py3-none-any.whl.zip]
[2024-04-21 00:20:41] INFO root fetch - main [MainThread]: End processing [mlimputer]: success
[2024-04-21 00:20:42] INFO root fetch - processPackages [term-image]: Remove: archive file [/home/abi/fetcher/tmp/term-image-0.7.0.tar.gz]
[2024-04-21 00:20:42] INFO root fetch - processPackages [term-image]: Remove: archive file [/home/abi/fetcher/tmp/term-image-0.7.1.tar.gz]
[2024-04-21 00:20:42] INFO root fetch - main [MainThread]: End processing [term-image]: success
[2024-04-21 00:20:42] INFO root fetch - processPackages [MedRoom.AI.DataEngineer]: executing diffoscope
[2024-04-21 00:20:42] INFO root fetch - processPackages [MedRoom.AI.DataEngineer]: podman run --user 0:0 --rm -w /home/abi/fetcher -v /home/abi/fetcher/tmp:/home/abi/fetcher/tmp:ro -v /home/abi/fetcher/20240421:/home/abi/fetcher/20240421:rw registry.salsa.debian.org/reproducible-builds/diffoscope --no-progress tmp/medroom_ai_dataengineer-0.0.4.tar.gz tmp/MedRoom.AI.DataEngineer-0.0.5-py3-none-any.whl.zip --markdown 20240421/M/MedRoom.AI.DataEngineer/0.0.4-0.0.5/README.md --exclude *.pyd
[2024-04-21 00:20:42] INFO root fetch - processPackages [MedRoom.AI.DataEngineer]: Remove: archive file [/home/abi/fetcher/tmp/medroom_ai_dataengineer-0.0.4.tar.gz]
[2024-04-21 00:20:42] INFO root fetch - processPackages [MedRoom.AI.DataEngineer]: Remove: archive file [/home/abi/fetcher/tmp/MedRoom.AI.DataEngineer-0.0.5-py3-none-any.whl.zip]
[2024-04-21 00:20:42] INFO root fetch - main [MainThread]: End processing [MedRoom.AI.DataEngineer]: success
[2024-04-21 00:20:42] INFO root fetch - main [MainThread]: Store serial: [22859919]
[2024-04-21 00:22:47] INFO root fetch - main [MainThread]: Get Changelog since Serial: [22859919]
[2024-04-21 00:22:52] INFO root fetch - main [MainThread]: Found 4 changed packages
[2024-04-21 00:22:52] INFO root fetch - processPackages [ThreadPoolExecutor-0_0]: Start processing: MedRoom.AI.DataEngineer
[2024-04-21 00:22:52] INFO root fetch - processPackages [ThreadPoolExecutor-0_1]: Start processing: beets-filetote
[2024-04-21 00:22:52] INFO root fetch - processPackages [ThreadPoolExecutor-0_2]: Start processing: foscat
[2024-04-21 00:22:52] INFO root fetch - processPackages [ThreadPoolExecutor-0_3]: Start processing: PyGRF
[2024-04-21 00:22:52] INFO root fetch - processPackages [MedRoom.AI.DataEngineer]: New version: [0.0.5] Old Version: [0.0.4]
[2024-04-21 00:22:52] INFO root fetch - processPackages [MedRoom.AI.DataEngineer]: Downloading https://files.pythonhosted.org/packages/98/b1/597765f45f1fb19d142f8135d32404f04c7a763ce01fab39b5467d5f874b/medroom_ai_dataengineer-0.0.4.tar.gz
[2024-04-21 00:22:52] WARNING root fetch - processPackages [PyGRF]: Skipping, unable to determine old version
[2024-04-21 00:22:52] INFO root fetch - main [MainThread]: End processing [PyGRF] error
[2024-04-21 00:22:52] INFO root fetch - processPackages [beets-filetote]: New version: [0.4.9] Old Version: [0.4.8]
[2024-04-21 00:22:52] INFO root fetch - processPackages [foscat]: New version: [3.0.9] Old Version: [3.0.8]
[2024-04-21 00:22:52] INFO root fetch - processPackages [foscat]: Downloading https://files.pythonhosted.org/packages/b6/1a/cff11416f3547c8dc9a5231634209d3692fac4d553dab54be2058eae0087/foscat-3.0.8.tar.gz
[2024-04-21 00:22:52] INFO root fetch - processPackages [beets-filetote]: Downloading https://files.pythonhosted.org/packages/7d/27/44a0a691f0c8fc55ecb5fc58a2a2efcc021bb62f6f6a2f1d24ca867e5b02/beets_filetote-0.4.8.tar.gz
[2024-04-21 00:22:53] INFO root fetch - processPackages [MedRoom.AI.DataEngineer]: Downloading https://files.pythonhosted.org/packages/99/b5/60d9f5c98ba9c6020319173614fc022ed37d50df817a62050695e1f7a386/MedRoom.AI.DataEngineer-0.0.5-py3-none-any.whl
[2024-04-21 00:22:53] INFO root fetch - processPackages [foscat]: Downloading https://files.pythonhosted.org/packages/42/3c/3ec0d9aa38fb2a3152ce79ba0f92a03372e73164626118a07121951ed317/foscat-3.0.9.tar.gz
[2024-04-21 00:22:53] INFO root fetch - processPackages [beets-filetote]: Downloading https://files.pythonhosted.org/packages/53/f6/9e9872ece053a627c7df1e781ce4ba9a4bf3f6cf9a12e24498e1c8228125/beets_filetote-0.4.9.tar.gz
[2024-04-21 00:22:53] INFO root fetch - processPackages [MedRoom.AI.DataEngineer]: executing diffoscope
[2024-04-21 00:22:53] INFO root fetch - processPackages [MedRoom.AI.DataEngineer]: podman run --user 0:0 --rm -w /home/abi/fetcher -v /home/abi/fetcher/tmp:/home/abi/fetcher/tmp:ro -v /home/abi/fetcher/20240421:/home/abi/fetcher/20240421:rw registry.salsa.debian.org/reproducible-builds/diffoscope --no-progress tmp/medroom_ai_dataengineer-0.0.4.tar.gz tmp/MedRoom.AI.DataEngineer-0.0.5-py3-none-any.whl.zip --markdown 20240421/M/MedRoom.AI.DataEngineer/0.0.4-0.0.5/README.md --exclude *.pyd
[2024-04-21 00:22:53] INFO root fetch - processPackages [beets-filetote]: executing diffoscope
[2024-04-21 00:22:53] INFO root fetch - processPackages [beets-filetote]: podman run --user 0:0 --rm -w /home/abi/fetcher -v /home/abi/fetcher/tmp:/home/abi/fetcher/tmp:ro -v /home/abi/fetcher/20240421:/home/abi/fetcher/20240421:rw registry.salsa.debian.org/reproducible-builds/diffoscope --no-progress tmp/beets_filetote-0.4.8.tar.gz tmp/beets_filetote-0.4.9.tar.gz --markdown 20240421/b/beets-filetote/0.4.8-0.4.9/README.md --exclude *.pyd
[2024-04-21 00:22:53] INFO root fetch - processPackages [foscat]: executing diffoscope
[2024-04-21 00:22:53] INFO root fetch - processPackages [foscat]: podman run --user 0:0 --rm -w /home/abi/fetcher -v /home/abi/fetcher/tmp:/home/abi/fetcher/tmp:ro -v /home/abi/fetcher/20240421:/home/abi/fetcher/20240421:rw registry.salsa.debian.org/reproducible-builds/diffoscope --no-progress tmp/foscat-3.0.8.tar.gz tmp/foscat-3.0.9.tar.gz --markdown 20240421/f/foscat/3.0.8-3.0.9/README.md --exclude *.pyd
[2024-04-21 00:22:54] INFO root fetch - processPackages [MedRoom.AI.DataEngineer]: Remove: archive file [/home/abi/fetcher/tmp/medroom_ai_dataengineer-0.0.4.tar.gz]
[2024-04-21 00:22:54] INFO root fetch - processPackages [MedRoom.AI.DataEngineer]: Remove: archive file [/home/abi/fetcher/tmp/MedRoom.AI.DataEngineer-0.0.5-py3-none-any.whl.zip]
[2024-04-21 00:22:54] INFO root fetch - main [MainThread]: End processing [MedRoom.AI.DataEngineer]: success
[2024-04-21 00:22:54] INFO root fetch - processPackages [beets-filetote]: Remove: archive file [/home/abi/fetcher/tmp/beets_filetote-0.4.8.tar.gz]
[2024-04-21 00:22:54] INFO root fetch - processPackages [beets-filetote]: Remove: archive file [/home/abi/fetcher/tmp/beets_filetote-0.4.9.tar.gz]
[2024-04-21 00:22:54] INFO root fetch - main [MainThread]: End processing [beets-filetote]: success
[2024-04-21 00:22:54] INFO root fetch - processPackages [foscat]: Remove: archive file [/home/abi/fetcher/tmp/foscat-3.0.8.tar.gz]
[2024-04-21 00:22:54] INFO root fetch - processPackages [foscat]: Remove: archive file [/home/abi/fetcher/tmp/foscat-3.0.9.tar.gz]
[2024-04-21 00:22:54] INFO root fetch - main [MainThread]: End processing [foscat]: success
[2024-04-21 00:22:54] INFO root fetch - main [MainThread]: Store serial: [22859932]
